{
  "stats": {
    "suites": 1,
    "tests": 48,
    "passes": 48,
    "pending": 0,
    "failures": 0,
    "start": "2021-09-24T12:50:36.454Z",
    "end": "2021-09-24T12:50:36.610Z",
    "duration": 156,
    "testsRegistered": 48,
    "passPercent": 100,
    "pendingPercent": 0,
    "other": 0,
    "hasOther": false,
    "skipped": 0,
    "hasSkipped": false
  },
  "results": [
    {
      "uuid": "250c798e-8dcf-44a7-badc-7578ce98ba00",
      "title": "",
      "fullFile": "",
      "file": "",
      "beforeHooks": [],
      "afterHooks": [],
      "tests": [],
      "suites": [
        {
          "uuid": "43fceb95-b65f-43d8-b3df-5306dba6d3a5",
          "title": "国际普通行李计算-不超重，不超尺寸",
          "fullFile": "C:\\Users\\lengjiake\\Desktop\\code\\js_mocha\\test\\normal_out1.test.js",
          "file": "\\normal_out1.test.js",
          "beforeHooks": [],
          "afterHooks": [],
          "tests": [
            {
              "title": "区域一 1件不超重，不超尺寸 头等舱/公务舱",
              "fullTitle": "国际普通行李计算-不超重，不超尺寸 区域一 1件不超重，不超尺寸 头等舱/公务舱",
              "timedOut": false,
              "duration": 4,
              "state": "passed",
              "speed": "fast",
              "pass": true,
              "fail": false,
              "pending": false,
              "context": null,
              "code": "var passenger1 ={type_flight:1,type_ticket:0,type_cabin:0,type_line:3,price:1500};\nvar data1 = {len:80,wide:50,high:10,weight:17};\nvar data2 = {len:80,wide:50,high:10,weight:20};\nvar data3 = {len:80,wide:50,high:10,weight:16};\nvar baggage1 = new Array();\nbaggage1[0] = data1;\nbaggage1[1] = data2;\nbaggage1[2] = data3;\nvar special_bagg = [];\nassert.equal(1400, judge(passenger1,baggage1,special_bagg));",
              "err": {},
              "uuid": "307a18e1-95ee-4519-ba75-ea69fb283115",
              "parentUUID": "43fceb95-b65f-43d8-b3df-5306dba6d3a5",
              "isHook": false,
              "skipped": false
            },
            {
              "title": "区域一 1件不超重，不超尺寸 super经济舱超重",
              "fullTitle": "国际普通行李计算-不超重，不超尺寸 区域一 1件不超重，不超尺寸 super经济舱超重",
              "timedOut": false,
              "duration": 0,
              "state": "passed",
              "speed": "fast",
              "pass": true,
              "fail": false,
              "pending": false,
              "context": null,
              "code": "var passenger1 ={type_flight:1,type_ticket:0,type_cabin:2,type_line:3,price:1500};\nvar data1 = {len:80,wide:50,high:10,weight:18};\nvar data2 = {len:80,wide:50,high:10,weight:20};\nvar data3 = {len:80,wide:50,high:10,weight:18};\nvar baggage1 = new Array();\nbaggage1[0] = data1;\nbaggage1[1] = data2;\nbaggage1[2] = data3;\nvar special_bagg = [];\nassert.equal(1400, judge(passenger1,baggage1,special_bagg));",
              "err": {},
              "uuid": "073e953b-52b5-4d54-9b95-934464fc31fb",
              "parentUUID": "43fceb95-b65f-43d8-b3df-5306dba6d3a5",
              "isHook": false,
              "skipped": false
            },
            {
              "title": "区域一 1件不超重，不超尺寸 普通经济舱超重 路线第一类",
              "fullTitle": "国际普通行李计算-不超重，不超尺寸 区域一 1件不超重，不超尺寸 普通经济舱超重 路线第一类",
              "timedOut": false,
              "duration": 1,
              "state": "passed",
              "speed": "fast",
              "pass": true,
              "fail": false,
              "pending": false,
              "context": null,
              "code": "var passenger1 ={type_flight:1,type_ticket:0,type_cabin:3,type_line:0,price:1500};\nvar data1 = {len:80,wide:50,high:10,weight:12};\nvar data2 = {len:80,wide:50,high:10,weight:13};\nvar baggage1 = new Array();\nbaggage1[0] = data1;\nbaggage1[1] = data2;\nvar special_bagg = [];\nassert.equal(1380, judge(passenger1,baggage1,special_bagg));",
              "err": {},
              "uuid": "81b506bf-c8c2-4a19-8cb6-f9602f1cd0d6",
              "parentUUID": "43fceb95-b65f-43d8-b3df-5306dba6d3a5",
              "isHook": false,
              "skipped": false
            },
            {
              "title": "区域一 1件不超重，不超尺寸 普通经济舱超重 路线第二类",
              "fullTitle": "国际普通行李计算-不超重，不超尺寸 区域一 1件不超重，不超尺寸 普通经济舱超重 路线第二类",
              "timedOut": false,
              "duration": 0,
              "state": "passed",
              "speed": "fast",
              "pass": true,
              "fail": false,
              "pending": false,
              "context": null,
              "code": "var passenger1 ={type_flight:1,type_ticket:0,type_cabin:3,type_line:3,price:1500};\nvar data1 = {len:80,wide:50,high:10,weight:18};\nvar data2 = {len:80,wide:50,high:10,weight:20};\nvar data3 = {len:80,wide:50,high:10,weight:15};\nvar baggage1 = new Array();\nbaggage1[0] = data1;\nbaggage1[1] = data2;\nbaggage1[2] = data3;\nvar special_bagg = [];\nassert.equal(1400, judge(passenger1,baggage1,special_bagg));",
              "err": {},
              "uuid": "149eb137-6908-48ef-a046-6c9343d07329",
              "parentUUID": "43fceb95-b65f-43d8-b3df-5306dba6d3a5",
              "isHook": false,
              "skipped": false
            },
            {
              "title": "区域二 1件不超重，不超尺寸 头等舱/公务舱",
              "fullTitle": "国际普通行李计算-不超重，不超尺寸 区域二 1件不超重，不超尺寸 头等舱/公务舱",
              "timedOut": false,
              "duration": 0,
              "state": "passed",
              "speed": "fast",
              "pass": true,
              "fail": false,
              "pending": false,
              "context": null,
              "code": "var passenger1 ={type_flight:1,type_ticket:0,type_cabin:0,type_line:1,price:1500};\nvar data1 = {len:80,wide:50,high:10,weight:21};\nvar data2 = {len:80,wide:50,high:10,weight:20};\nvar data3 = {len:80,wide:50,high:10,weight:16};\nvar baggage1 = new Array();\nbaggage1[0] = data1;\nbaggage1[1] = data2;\nbaggage1[2] = data3;\nvar special_bagg = [];\nassert.equal(1100, judge(passenger1,baggage1,special_bagg));",
              "err": {},
              "uuid": "e80540ae-efa0-4038-a01d-9de48fa7c4ca",
              "parentUUID": "43fceb95-b65f-43d8-b3df-5306dba6d3a5",
              "isHook": false,
              "skipped": false
            },
            {
              "title": "区域二 1件不超重，不超尺寸 super经济舱超重",
              "fullTitle": "国际普通行李计算-不超重，不超尺寸 区域二 1件不超重，不超尺寸 super经济舱超重",
              "timedOut": false,
              "duration": 0,
              "state": "passed",
              "speed": "fast",
              "pass": true,
              "fail": false,
              "pending": false,
              "context": null,
              "code": "var passenger1 ={type_flight:1,type_ticket:0,type_cabin:2,type_line:1,price:1500};\nvar data1 = {len:80,wide:50,high:10,weight:18};\nvar data2 = {len:80,wide:50,high:10,weight:20};\nvar data3 = {len:80,wide:50,high:10,weight:16};\nvar baggage1 = new Array();\nbaggage1[0] = data1;\nbaggage1[1] = data2;\nbaggage1[2] = data3;\nvar special_bagg = [];\nassert.equal(1100, judge(passenger1,baggage1,special_bagg));",
              "err": {},
              "uuid": "a69e1285-53fa-452c-8866-f8f809d939e1",
              "parentUUID": "43fceb95-b65f-43d8-b3df-5306dba6d3a5",
              "isHook": false,
              "skipped": false
            },
            {
              "title": "区域二 1件不超重，不超尺寸 普通经济舱超重 路线第一类",
              "fullTitle": "国际普通行李计算-不超重，不超尺寸 区域二 1件不超重，不超尺寸 普通经济舱超重 路线第一类",
              "timedOut": false,
              "duration": 0,
              "state": "passed",
              "speed": "fast",
              "pass": true,
              "fail": false,
              "pending": false,
              "context": null,
              "code": "var passenger1 ={type_flight:1,type_ticket:0,type_cabin:3,type_line:1,price:1500};\nvar data1 = {len:80,wide:50,high:10,weight:18};\nvar data2 = {len:80,wide:50,high:10,weight:20};\nvar baggage1 = new Array();\nbaggage1[0] = data1;\nbaggage1[1] = data2;\nvar special_bagg = [];\nassert.equal(1100, judge(passenger1,baggage1,special_bagg));",
              "err": {},
              "uuid": "3a21cb15-571c-4dcf-9c84-c3437d359b60",
              "parentUUID": "43fceb95-b65f-43d8-b3df-5306dba6d3a5",
              "isHook": false,
              "skipped": false
            },
            {
              "title": "区域二 1件不超重，不超尺寸 普通经济舱超重 路线第二类",
              "fullTitle": "国际普通行李计算-不超重，不超尺寸 区域二 1件不超重，不超尺寸 普通经济舱超重 路线第二类",
              "timedOut": false,
              "duration": 1,
              "state": "passed",
              "speed": "fast",
              "pass": true,
              "fail": false,
              "pending": false,
              "context": null,
              "code": "var passenger1 ={type_flight:1,type_ticket:0,type_cabin:3,type_line:4,price:1500};\nvar data1 = {len:80,wide:50,high:10,weight:18};\nvar data2 = {len:80,wide:50,high:10,weight:20};\nvar data3 = {len:80,wide:50,high:10,weight:17};\nvar baggage1 = new Array();\nbaggage1[0] = data1;\nbaggage1[1] = data2;\nbaggage1[2] = data3;\nvar special_bagg = [];\nassert.equal(1100, judge(passenger1,baggage1,special_bagg));",
              "err": {},
              "uuid": "812b50b0-e33b-4d26-a2d2-4f4215087797",
              "parentUUID": "43fceb95-b65f-43d8-b3df-5306dba6d3a5",
              "isHook": false,
              "skipped": false
            },
            {
              "title": "区域三 1件不超重，不超尺寸 头等舱/公务舱",
              "fullTitle": "国际普通行李计算-不超重，不超尺寸 区域三 1件不超重，不超尺寸 头等舱/公务舱",
              "timedOut": false,
              "duration": 1,
              "state": "passed",
              "speed": "fast",
              "pass": true,
              "fail": false,
              "pending": false,
              "context": null,
              "code": "var passenger1 ={type_flight:1,type_ticket:0,type_cabin:0,type_line:0,price:1500};\nvar data1 = {len:80,wide:50,high:10,weight:19};\nvar data2 = {len:80,wide:50,high:10,weight:20};\nvar data3 = {len:80,wide:50,high:10,weight:16};\nvar baggage1 = new Array();\nbaggage1[0] = data1;\nbaggage1[1] = data2;\nbaggage1[2] = data3;\nvar special_bagg = [];\nassert.equal(1380, judge(passenger1,baggage1,special_bagg));",
              "err": {},
              "uuid": "5a13d857-9b21-49bb-ad19-cb547f8056d7",
              "parentUUID": "43fceb95-b65f-43d8-b3df-5306dba6d3a5",
              "isHook": false,
              "skipped": false
            },
            {
              "title": "区域三 1件不超重，不超尺寸 super经济舱超重",
              "fullTitle": "国际普通行李计算-不超重，不超尺寸 区域三 1件不超重，不超尺寸 super经济舱超重",
              "timedOut": false,
              "duration": 1,
              "state": "passed",
              "speed": "fast",
              "pass": true,
              "fail": false,
              "pending": false,
              "context": null,
              "code": "var passenger1 ={type_flight:1,type_ticket:0,type_cabin:2,type_line:0,price:1500};\nvar data1 = {len:80,wide:50,high:10,weight:18};\nvar data2 = {len:80,wide:50,high:10,weight:20};\nvar data3 = {len:80,wide:50,high:10,weight:13};\nvar baggage1 = new Array();\nbaggage1[0] = data1;\nbaggage1[1] = data2;\nbaggage1[2] = data3;\nvar special_bagg = [];\nassert.equal(1380, judge(passenger1,baggage1,special_bagg));",
              "err": {},
              "uuid": "2b78c6e4-d16d-42e3-94d6-eae2a474d682",
              "parentUUID": "43fceb95-b65f-43d8-b3df-5306dba6d3a5",
              "isHook": false,
              "skipped": false
            },
            {
              "title": "区域三 1件不超重，不超尺寸 普通经济舱超重 路线第一类",
              "fullTitle": "国际普通行李计算-不超重，不超尺寸 区域三 1件不超重，不超尺寸 普通经济舱超重 路线第一类",
              "timedOut": false,
              "duration": 1,
              "state": "passed",
              "speed": "fast",
              "pass": true,
              "fail": false,
              "pending": false,
              "context": null,
              "code": "var passenger1 ={type_flight:1,type_ticket:0,type_cabin:3,type_line:0,price:1500};\nvar data1 = {len:80,wide:50,high:10,weight:18};\nvar data2 = {len:80,wide:50,high:10,weight:20};\nvar baggage1 = new Array();\nbaggage1[0] = data1;\nbaggage1[1] = data2;\nvar special_bagg = [];\nassert.equal(1380, judge(passenger1,baggage1,special_bagg));",
              "err": {},
              "uuid": "c037ca6f-e257-4797-bd74-56e11ad7b86b",
              "parentUUID": "43fceb95-b65f-43d8-b3df-5306dba6d3a5",
              "isHook": false,
              "skipped": false
            },
            {
              "title": "区域三 1件不超重，不超尺寸 普通经济舱超重 路线第二类",
              "fullTitle": "国际普通行李计算-不超重，不超尺寸 区域三 1件不超重，不超尺寸 普通经济舱超重 路线第二类",
              "timedOut": false,
              "duration": 0,
              "state": "passed",
              "speed": "fast",
              "pass": true,
              "fail": false,
              "pending": false,
              "context": null,
              "code": "var passenger1 ={type_flight:1,type_ticket:0,type_cabin:3,type_line:0,price:1500};\nvar data1 = {len:80,wide:50,high:10,weight:18};\nvar data2 = {len:80,wide:50,high:10,weight:20};\nvar data3 = {len:80,wide:50,high:10,weight:11};\nvar baggage1 = new Array();\nbaggage1[0] = data1;\nbaggage1[1] = data2;\nbaggage1[2] = data3;\nvar special_bagg = [];\nassert.equal(2760, judge(passenger1,baggage1,special_bagg));",
              "err": {},
              "uuid": "a4f7cb31-d03a-4f3c-9221-2d1fc1f97986",
              "parentUUID": "43fceb95-b65f-43d8-b3df-5306dba6d3a5",
              "isHook": false,
              "skipped": false
            },
            {
              "title": "区域四 1件不超重，不超尺寸 头等舱/公务舱",
              "fullTitle": "国际普通行李计算-不超重，不超尺寸 区域四 1件不超重，不超尺寸 头等舱/公务舱",
              "timedOut": false,
              "duration": 1,
              "state": "passed",
              "speed": "fast",
              "pass": true,
              "fail": false,
              "pending": false,
              "context": null,
              "code": "var passenger1 ={type_flight:1,type_ticket:0,type_cabin:0,type_line:2,price:1500};\nvar data1 = {len:80,wide:50,high:10,weight:14};\nvar data2 = {len:80,wide:50,high:10,weight:20};\nvar data3 = {len:80,wide:50,high:10,weight:16};\nvar baggage1 = new Array();\nbaggage1[0] = data1;\nbaggage1[1] = data2;\nbaggage1[2] = data3;\nvar special_bagg = [];\nassert.equal(830, judge(passenger1,baggage1,special_bagg));",
              "err": {},
              "uuid": "04a6206c-8f20-424d-b226-68138be164c0",
              "parentUUID": "43fceb95-b65f-43d8-b3df-5306dba6d3a5",
              "isHook": false,
              "skipped": false
            },
            {
              "title": "区域四 1件不超重，不超尺寸 super经济舱超重",
              "fullTitle": "国际普通行李计算-不超重，不超尺寸 区域四 1件不超重，不超尺寸 super经济舱超重",
              "timedOut": false,
              "duration": 1,
              "state": "passed",
              "speed": "fast",
              "pass": true,
              "fail": false,
              "pending": false,
              "context": null,
              "code": "var passenger1 ={type_flight:1,type_ticket:0,type_cabin:2,type_line:2,price:1500};\nvar data1 = {len:80,wide:50,high:10,weight:18};\nvar data2 = {len:80,wide:50,high:10,weight:20};\nvar data3 = {len:80,wide:50,high:10,weight:15};\nvar baggage1 = new Array();\nbaggage1[0] = data1;\nbaggage1[1] = data2;\nbaggage1[2] = data3;\nvar special_bagg = [];\nassert.equal(830, judge(passenger1,baggage1,special_bagg));",
              "err": {},
              "uuid": "74782e64-8a3b-4746-a332-9e8a804a124e",
              "parentUUID": "43fceb95-b65f-43d8-b3df-5306dba6d3a5",
              "isHook": false,
              "skipped": false
            },
            {
              "title": "区域四 1件不超重，不超尺寸 普通经济舱超重 路线第一类",
              "fullTitle": "国际普通行李计算-不超重，不超尺寸 区域四 1件不超重，不超尺寸 普通经济舱超重 路线第一类",
              "timedOut": false,
              "duration": 0,
              "state": "passed",
              "speed": "fast",
              "pass": true,
              "fail": false,
              "pending": false,
              "context": null,
              "code": "var passenger1 ={type_flight:1,type_ticket:0,type_cabin:3,type_line:2,price:1500};\nvar data1 = {len:80,wide:50,high:10,weight:18};\nvar data2 = {len:80,wide:50,high:10,weight:10};\nvar baggage1 = new Array();\nbaggage1[0] = data1;\nbaggage1[1] = data2;\nvar special_bagg = [];\nassert.equal(830, judge(passenger1,baggage1,special_bagg));",
              "err": {},
              "uuid": "dcd9f61d-3aec-4fb6-9aa5-b00f74bf0c71",
              "parentUUID": "43fceb95-b65f-43d8-b3df-5306dba6d3a5",
              "isHook": false,
              "skipped": false
            },
            {
              "title": "区域四 1件不超重，不超尺寸 普通经济舱超重 路线第二类",
              "fullTitle": "国际普通行李计算-不超重，不超尺寸 区域四 1件不超重，不超尺寸 普通经济舱超重 路线第二类",
              "timedOut": false,
              "duration": 0,
              "state": "passed",
              "speed": "fast",
              "pass": true,
              "fail": false,
              "pending": false,
              "context": null,
              "code": "var passenger1 ={type_flight:1,type_ticket:0,type_cabin:3,type_line:5,price:1500};\nvar data1 = {len:80,wide:50,high:10,weight:18};\nvar data2 = {len:80,wide:50,high:10,weight:20};\nvar data3 = {len:80,wide:50,high:10,weight:12};\nvar baggage1 = new Array();\nbaggage1[0] = data1;\nbaggage1[1] = data2;\nbaggage1[2] = data3;\nvar special_bagg = [];\nassert.equal(830, judge(passenger1,baggage1,special_bagg));",
              "err": {},
              "uuid": "335d4357-a249-48c1-8210-816ee5581570",
              "parentUUID": "43fceb95-b65f-43d8-b3df-5306dba6d3a5",
              "isHook": false,
              "skipped": false
            },
            {
              "title": "区域一 2件不超重，不超尺寸 头等舱/公务舱",
              "fullTitle": "国际普通行李计算-不超重，不超尺寸 区域一 2件不超重，不超尺寸 头等舱/公务舱",
              "timedOut": false,
              "duration": 0,
              "state": "passed",
              "speed": "fast",
              "pass": true,
              "fail": false,
              "pending": false,
              "context": null,
              "code": "var passenger ={type_flight:1,type_cabin:0,type_line:3};\nvar data1 = {len:70,wide:50,high:10,weight:18};\nvar data2 = {len:70,wide:50,high:10,weight:20};\nvar data3 = {len:70,wide:50,high:10,weight:12};\nvar data4 = {len:70,wide:50,high:10,weight:10};\nvar baggage = new Array();\nbaggage[0] = data1;\nbaggage[1] = data2;\nbaggage[2] = data3;\nbaggage[3] = data4;\nvar special_bagg = [];\nassert.equal(3400, judge(passenger,baggage,special_bagg));",
              "err": {},
              "uuid": "051588ac-7d07-4c61-9a09-4c9def55e8df",
              "parentUUID": "43fceb95-b65f-43d8-b3df-5306dba6d3a5",
              "isHook": false,
              "skipped": false
            },
            {
              "title": "区域一 2件不超重，不超尺寸 super经济舱超重",
              "fullTitle": "国际普通行李计算-不超重，不超尺寸 区域一 2件不超重，不超尺寸 super经济舱超重",
              "timedOut": false,
              "duration": 0,
              "state": "passed",
              "speed": "fast",
              "pass": true,
              "fail": false,
              "pending": false,
              "context": null,
              "code": "var passenger ={type_flight:1,type_cabin:2,type_line:3};\nvar data1 = {len:70,wide:50,high:10,weight:18};\nvar data2 = {len:70,wide:50,high:10,weight:20};\nvar data3 = {len:70,wide:50,high:10,weight:12};\nvar data4 = {len:70,wide:50,high:10,weight:10};\nvar baggage = new Array();\nbaggage[0] = data1;\nbaggage[1] = data2;\nbaggage[2] = data3;\nbaggage[3] = data4;\nvar special_bagg = [];\nassert.equal(3400, judge(passenger,baggage,special_bagg));",
              "err": {},
              "uuid": "d97c88a2-9964-431d-8f87-d01ad9ab2ad0",
              "parentUUID": "43fceb95-b65f-43d8-b3df-5306dba6d3a5",
              "isHook": false,
              "skipped": false
            },
            {
              "title": "区域一 2件不超重，不超尺寸 普通经济舱超重 路线第一类",
              "fullTitle": "国际普通行李计算-不超重，不超尺寸 区域一 2件不超重，不超尺寸 普通经济舱超重 路线第一类",
              "timedOut": false,
              "duration": 0,
              "state": "passed",
              "speed": "fast",
              "pass": true,
              "fail": false,
              "pending": false,
              "context": null,
              "code": "var passenger ={type_flight:1,type_cabin:3,type_line:0};\nvar data1 = {len:70,wide:50,high:10,weight:18};\nvar data2 = {len:70,wide:50,high:10,weight:20};\nvar data3 = {len:70,wide:50,high:10,weight:12};\nvar baggage = new Array();\nbaggage[0] = data1;\nbaggage[1] = data2;\nbaggage[2] = data3;\nvar special_bagg = [];\nassert.equal(2760, judge(passenger,baggage,special_bagg));",
              "err": {},
              "uuid": "ae9cb3a0-0f85-4760-a2aa-4cb8975a138e",
              "parentUUID": "43fceb95-b65f-43d8-b3df-5306dba6d3a5",
              "isHook": false,
              "skipped": false
            },
            {
              "title": "区域一 2件不超重，不超尺寸 普通经济舱超重 路线第二类",
              "fullTitle": "国际普通行李计算-不超重，不超尺寸 区域一 2件不超重，不超尺寸 普通经济舱超重 路线第二类",
              "timedOut": false,
              "duration": 0,
              "state": "passed",
              "speed": "fast",
              "pass": true,
              "fail": false,
              "pending": false,
              "context": null,
              "code": "var passenger ={type_flight:1,type_cabin:3,type_line:0};\nvar data1 = {len:70,wide:50,high:10,weight:18};\nvar data2 = {len:70,wide:50,high:10,weight:20};\nvar data3 = {len:70,wide:50,high:10,weight:12};\nvar data4 = {len:70,wide:50,high:10,weight:10};\nvar baggage = new Array();\nbaggage[0] = data1;\nbaggage[1] = data2;\nbaggage[2] = data3;\nbaggage[3] = data4;\nvar special_bagg = [];\nassert.equal(4350, judge(passenger,baggage,special_bagg));",
              "err": {},
              "uuid": "f099e0b2-5545-4bb2-9a7c-477f103acdb6",
              "parentUUID": "43fceb95-b65f-43d8-b3df-5306dba6d3a5",
              "isHook": false,
              "skipped": false
            },
            {
              "title": "区域二 2件不超重，不超尺寸 头等舱/公务舱",
              "fullTitle": "国际普通行李计算-不超重，不超尺寸 区域二 2件不超重，不超尺寸 头等舱/公务舱",
              "timedOut": false,
              "duration": 0,
              "state": "passed",
              "speed": "fast",
              "pass": true,
              "fail": false,
              "pending": false,
              "context": null,
              "code": "var passenger ={type_flight:1,type_cabin:0,type_line:1};\nvar data1 = {len:70,wide:50,high:10,weight:18};\nvar data2 = {len:70,wide:50,high:10,weight:20};\nvar data3 = {len:70,wide:50,high:10,weight:12};\nvar data4 = {len:70,wide:50,high:10,weight:10};\nvar baggage = new Array();\nbaggage[0] = data1;\nbaggage[1] = data2;\nbaggage[2] = data3;\nbaggage[3] = data4;\nvar special_bagg = [];\nassert.equal(2200, judge(passenger,baggage,special_bagg));",
              "err": {},
              "uuid": "f9f102d5-0ebd-448c-ab6d-668afe1ac82c",
              "parentUUID": "43fceb95-b65f-43d8-b3df-5306dba6d3a5",
              "isHook": false,
              "skipped": false
            },
            {
              "title": "区域二 2件不超重，不超尺寸 super经济舱超重",
              "fullTitle": "国际普通行李计算-不超重，不超尺寸 区域二 2件不超重，不超尺寸 super经济舱超重",
              "timedOut": false,
              "duration": 0,
              "state": "passed",
              "speed": "fast",
              "pass": true,
              "fail": false,
              "pending": false,
              "context": null,
              "code": "var passenger ={type_flight:1,type_cabin:2,type_line:1};\nvar data1 = {len:70,wide:50,high:10,weight:18};\nvar data2 = {len:70,wide:50,high:10,weight:20};\nvar data3 = {len:70,wide:50,high:10,weight:12};\nvar data4 = {len:70,wide:50,high:10,weight:10};\nvar baggage = new Array();\nbaggage[0] = data1;\nbaggage[1] = data2;\nbaggage[2] = data3;\nbaggage[3] = data4;\nvar special_bagg = [];\nassert.equal(2200, judge(passenger,baggage,special_bagg));",
              "err": {},
              "uuid": "72bc1d8c-aa6f-4c34-9955-9e61acc2287b",
              "parentUUID": "43fceb95-b65f-43d8-b3df-5306dba6d3a5",
              "isHook": false,
              "skipped": false
            },
            {
              "title": "区域二 2件不超重，不超尺寸 普通经济舱超重 路线第一类",
              "fullTitle": "国际普通行李计算-不超重，不超尺寸 区域二 2件不超重，不超尺寸 普通经济舱超重 路线第一类",
              "timedOut": false,
              "duration": 1,
              "state": "passed",
              "speed": "fast",
              "pass": true,
              "fail": false,
              "pending": false,
              "context": null,
              "code": "var passenger ={type_flight:1,type_cabin:3,type_line:1};\nvar data1 = {len:70,wide:50,high:10,weight:18};\nvar data2 = {len:70,wide:50,high:10,weight:20};\nvar data3 = {len:70,wide:50,high:10,weight:12};\nvar baggage = new Array();\nbaggage[0] = data1;\nbaggage[1] = data2;\nbaggage[2] = data3;\nvar special_bagg = [];\nassert.equal(2200, judge(passenger,baggage,special_bagg));",
              "err": {},
              "uuid": "c7f5b379-7128-49e8-991d-f1ca873c41d7",
              "parentUUID": "43fceb95-b65f-43d8-b3df-5306dba6d3a5",
              "isHook": false,
              "skipped": false
            },
            {
              "title": "区域二 2件不超重，不超尺寸 普通经济舱超重 路线第二类",
              "fullTitle": "国际普通行李计算-不超重，不超尺寸 区域二 2件不超重，不超尺寸 普通经济舱超重 路线第二类",
              "timedOut": false,
              "duration": 0,
              "state": "passed",
              "speed": "fast",
              "pass": true,
              "fail": false,
              "pending": false,
              "context": null,
              "code": "var passenger ={type_flight:1,type_cabin:3,type_line:4};\nvar data1 = {len:70,wide:50,high:10,weight:18};\nvar data2 = {len:70,wide:50,high:10,weight:20};\nvar data3 = {len:70,wide:50,high:10,weight:12};\nvar data4 = {len:70,wide:50,high:10,weight:10};\nvar baggage = new Array();\nbaggage[0] = data1;\nbaggage[1] = data2;\nbaggage[2] = data3;\nbaggage[3] = data4;\nvar special_bagg = [];\nassert.equal(2200, judge(passenger,baggage,special_bagg));",
              "err": {},
              "uuid": "08fb4e71-8369-4b00-b476-d73a7d4b739b",
              "parentUUID": "43fceb95-b65f-43d8-b3df-5306dba6d3a5",
              "isHook": false,
              "skipped": false
            },
            {
              "title": "区域三 2件不超重，不超尺寸 头等舱/公务舱",
              "fullTitle": "国际普通行李计算-不超重，不超尺寸 区域三 2件不超重，不超尺寸 头等舱/公务舱",
              "timedOut": false,
              "duration": 0,
              "state": "passed",
              "speed": "fast",
              "pass": true,
              "fail": false,
              "pending": false,
              "context": null,
              "code": "var passenger ={type_flight:1,type_cabin:0,type_line:0};\nvar data1 = {len:70,wide:50,high:10,weight:18};\nvar data2 = {len:70,wide:50,high:10,weight:20};\nvar data3 = {len:70,wide:50,high:10,weight:12};\nvar data4 = {len:70,wide:50,high:10,weight:10};\nvar baggage = new Array();\nbaggage[0] = data1;\nbaggage[1] = data2;\nbaggage[2] = data3;\nbaggage[3] = data4;\nvar special_bagg = [];\nassert.equal(2760, judge(passenger,baggage,special_bagg));",
              "err": {},
              "uuid": "5a4112d7-9a83-470b-bfaf-7f589376a1d7",
              "parentUUID": "43fceb95-b65f-43d8-b3df-5306dba6d3a5",
              "isHook": false,
              "skipped": false
            },
            {
              "title": "区域三 2件不超重，不超尺寸 super经济舱超重",
              "fullTitle": "国际普通行李计算-不超重，不超尺寸 区域三 2件不超重，不超尺寸 super经济舱超重",
              "timedOut": false,
              "duration": 0,
              "state": "passed",
              "speed": "fast",
              "pass": true,
              "fail": false,
              "pending": false,
              "context": null,
              "code": "var passenger ={type_flight:1,type_cabin:2,type_line:0};\nvar data1 = {len:70,wide:50,high:10,weight:18};\nvar data2 = {len:70,wide:50,high:10,weight:20};\nvar data3 = {len:70,wide:50,high:10,weight:12};\nvar data4 = {len:70,wide:50,high:10,weight:10};\nvar baggage = new Array();\nbaggage[0] = data1;\nbaggage[1] = data2;\nbaggage[2] = data3;\nbaggage[3] = data4;\nvar special_bagg = [];\nassert.equal(2760, judge(passenger,baggage,special_bagg));",
              "err": {},
              "uuid": "008f58d0-f998-40f6-af3d-b5c7d19cd44d",
              "parentUUID": "43fceb95-b65f-43d8-b3df-5306dba6d3a5",
              "isHook": false,
              "skipped": false
            },
            {
              "title": "区域三 2件不超重，不超尺寸 普通经济舱超重 路线第一类",
              "fullTitle": "国际普通行李计算-不超重，不超尺寸 区域三 2件不超重，不超尺寸 普通经济舱超重 路线第一类",
              "timedOut": false,
              "duration": 0,
              "state": "passed",
              "speed": "fast",
              "pass": true,
              "fail": false,
              "pending": false,
              "context": null,
              "code": "var passenger ={type_flight:1,type_cabin:3,type_line:0};\nvar data1 = {len:70,wide:50,high:10,weight:18};\nvar data2 = {len:70,wide:50,high:10,weight:20};\nvar data3 = {len:70,wide:50,high:10,weight:12};\nvar baggage = new Array();\nbaggage[0] = data1;\nbaggage[1] = data2;\nbaggage[2] = data3;\nvar special_bagg = [];\nassert.equal(2760, judge(passenger,baggage,special_bagg));",
              "err": {},
              "uuid": "051ac565-5232-4894-af90-44c7a31887f8",
              "parentUUID": "43fceb95-b65f-43d8-b3df-5306dba6d3a5",
              "isHook": false,
              "skipped": false
            },
            {
              "title": "区域三 2件不超重，不超尺寸 普通经济舱超重 路线第二类",
              "fullTitle": "国际普通行李计算-不超重，不超尺寸 区域三 2件不超重，不超尺寸 普通经济舱超重 路线第二类",
              "timedOut": false,
              "duration": 0,
              "state": "passed",
              "speed": "fast",
              "pass": true,
              "fail": false,
              "pending": false,
              "context": null,
              "code": "var passenger ={type_flight:1,type_cabin:3,type_line:0};\nvar data1 = {len:70,wide:50,high:10,weight:18};\nvar data2 = {len:70,wide:50,high:10,weight:20};\nvar data3 = {len:70,wide:50,high:10,weight:12};\nvar data4 = {len:70,wide:50,high:10,weight:10};\nvar baggage = new Array();\nbaggage[0] = data1;\nbaggage[1] = data2;\nbaggage[2] = data3;\nbaggage[3] = data4;\nvar special_bagg = [];\nassert.equal(4350, judge(passenger,baggage,special_bagg));",
              "err": {},
              "uuid": "19819471-4ebf-4b47-8f4b-88fdbfe40554",
              "parentUUID": "43fceb95-b65f-43d8-b3df-5306dba6d3a5",
              "isHook": false,
              "skipped": false
            },
            {
              "title": "区域四 2件不超重，不超尺寸 头等舱/公务舱",
              "fullTitle": "国际普通行李计算-不超重，不超尺寸 区域四 2件不超重，不超尺寸 头等舱/公务舱",
              "timedOut": false,
              "duration": 0,
              "state": "passed",
              "speed": "fast",
              "pass": true,
              "fail": false,
              "pending": false,
              "context": null,
              "code": "var passenger ={type_flight:1,type_cabin:0,type_line:2};\nvar data1 = {len:70,wide:50,high:10,weight:18};\nvar data2 = {len:70,wide:50,high:10,weight:20};\nvar data3 = {len:70,wide:50,high:10,weight:12};\nvar data4 = {len:70,wide:50,high:10,weight:10};\nvar baggage = new Array();\nbaggage[0] = data1;\nbaggage[1] = data2;\nbaggage[2] = data3;\nbaggage[3] = data4;\nvar special_bagg = [];\nassert.equal(1930, judge(passenger,baggage,special_bagg));",
              "err": {},
              "uuid": "fafb9f69-9d1d-4fe2-aba9-f51f382f74f3",
              "parentUUID": "43fceb95-b65f-43d8-b3df-5306dba6d3a5",
              "isHook": false,
              "skipped": false
            },
            {
              "title": "区域四 2件不超重，不超尺寸 super经济舱超重",
              "fullTitle": "国际普通行李计算-不超重，不超尺寸 区域四 2件不超重，不超尺寸 super经济舱超重",
              "timedOut": false,
              "duration": 0,
              "state": "passed",
              "speed": "fast",
              "pass": true,
              "fail": false,
              "pending": false,
              "context": null,
              "code": "var passenger ={type_flight:1,type_cabin:2,type_line:2};\nvar data1 = {len:70,wide:50,high:10,weight:18};\nvar data2 = {len:70,wide:50,high:10,weight:20};\nvar data3 = {len:70,wide:50,high:10,weight:12};\nvar data4 = {len:70,wide:50,high:10,weight:10};\nvar baggage = new Array();\nbaggage[0] = data1;\nbaggage[1] = data2;\nbaggage[2] = data3;\nbaggage[3] = data4;\nvar special_bagg = [];\nassert.equal(1930, judge(passenger,baggage,special_bagg));",
              "err": {},
              "uuid": "69814122-11e9-4fd7-85be-25766860cdd7",
              "parentUUID": "43fceb95-b65f-43d8-b3df-5306dba6d3a5",
              "isHook": false,
              "skipped": false
            },
            {
              "title": "区域四 2件不超重，不超尺寸 普通经济舱超重 路线第一类",
              "fullTitle": "国际普通行李计算-不超重，不超尺寸 区域四 2件不超重，不超尺寸 普通经济舱超重 路线第一类",
              "timedOut": false,
              "duration": 3,
              "state": "passed",
              "speed": "fast",
              "pass": true,
              "fail": false,
              "pending": false,
              "context": null,
              "code": "var passenger ={type_flight:1,type_cabin:3,type_line:2};\nvar data1 = {len:70,wide:50,high:10,weight:18};\nvar data2 = {len:70,wide:50,high:10,weight:20};\nvar data3 = {len:70,wide:50,high:10,weight:12};\nvar baggage = new Array();\nbaggage[0] = data1;\nbaggage[1] = data2;\nbaggage[2] = data3;\nvar special_bagg = [];\nassert.equal(1930, judge(passenger,baggage,special_bagg));",
              "err": {},
              "uuid": "86515eac-0361-48c6-af24-e8ad7e2d7ce7",
              "parentUUID": "43fceb95-b65f-43d8-b3df-5306dba6d3a5",
              "isHook": false,
              "skipped": false
            },
            {
              "title": "区域四 2件不超重，不超尺寸 普通经济舱超重 路线第二类",
              "fullTitle": "国际普通行李计算-不超重，不超尺寸 区域四 2件不超重，不超尺寸 普通经济舱超重 路线第二类",
              "timedOut": false,
              "duration": 0,
              "state": "passed",
              "speed": "fast",
              "pass": true,
              "fail": false,
              "pending": false,
              "context": null,
              "code": "var passenger ={type_flight:1,type_cabin:2,type_line:5};\nvar data1 = {len:70,wide:50,high:10,weight:18};\nvar data2 = {len:70,wide:50,high:10,weight:20};\nvar data3 = {len:70,wide:50,high:10,weight:12};\nvar data4 = {len:70,wide:50,high:10,weight:10};\nvar baggage = new Array();\nbaggage[0] = data1;\nbaggage[1] = data2;\nbaggage[2] = data3;\nbaggage[3] = data4;\nvar special_bagg = [];\nassert.equal(1930, judge(passenger,baggage,special_bagg));",
              "err": {},
              "uuid": "afd0f194-b273-4cdf-b045-ebe2b08f79e6",
              "parentUUID": "43fceb95-b65f-43d8-b3df-5306dba6d3a5",
              "isHook": false,
              "skipped": false
            },
            {
              "title": "区域一 3件不超重，不超尺寸 头等舱/公务舱",
              "fullTitle": "国际普通行李计算-不超重，不超尺寸 区域一 3件不超重，不超尺寸 头等舱/公务舱",
              "timedOut": false,
              "duration": 2,
              "state": "passed",
              "speed": "fast",
              "pass": true,
              "fail": false,
              "pending": false,
              "context": null,
              "code": "var passenger ={type_flight:1,type_cabin:0,type_line:3};\nvar data1 = {len:70,wide:50,high:10,weight:18};\nvar data2 = {len:70,wide:50,high:10,weight:20};\nvar data3 = {len:70,wide:50,high:10,weight:12};\nvar data4 = {len:70,wide:50,high:10,weight:10};\nvar data5 = {len:70,wide:50,high:10,weight:15};\nvar baggage = new Array();\nbaggage[0] = data1;\nbaggage[1] = data2;\nbaggage[2] = data3;\nbaggage[3] = data4;\nbaggage[4] = data5;\nvar special_bagg = [];\nassert.equal(4900, judge(passenger,baggage,special_bagg));",
              "err": {},
              "uuid": "108d6266-0b94-4a70-b087-3c54fd1331c9",
              "parentUUID": "43fceb95-b65f-43d8-b3df-5306dba6d3a5",
              "isHook": false,
              "skipped": false
            },
            {
              "title": "区域一 3件不超重，不超尺寸 super经济舱超重",
              "fullTitle": "国际普通行李计算-不超重，不超尺寸 区域一 3件不超重，不超尺寸 super经济舱超重",
              "timedOut": false,
              "duration": 1,
              "state": "passed",
              "speed": "fast",
              "pass": true,
              "fail": false,
              "pending": false,
              "context": null,
              "code": "var passenger ={type_flight:1,type_cabin:2,type_line:3};\nvar data1 = {len:70,wide:50,high:10,weight:18};\nvar data2 = {len:70,wide:50,high:10,weight:20};\nvar data3 = {len:70,wide:50,high:10,weight:12};\nvar data4 = {len:70,wide:50,high:10,weight:10};\nvar data5 = {len:70,wide:50,high:10,weight:15};\nvar baggage = new Array();\nbaggage[0] = data1;\nbaggage[1] = data2;\nbaggage[2] = data3;\nbaggage[3] = data4;\nbaggage[4] = data5;\nvar special_bagg = [];\nassert.equal(4900, judge(passenger,baggage,special_bagg));",
              "err": {},
              "uuid": "22e34f5f-2a2d-4618-a168-0452f9a4dcf2",
              "parentUUID": "43fceb95-b65f-43d8-b3df-5306dba6d3a5",
              "isHook": false,
              "skipped": false
            },
            {
              "title": "区域一 3件不超重，不超尺寸 普通经济舱超重 路线第一类",
              "fullTitle": "国际普通行李计算-不超重，不超尺寸 区域一 3件不超重，不超尺寸 普通经济舱超重 路线第一类",
              "timedOut": false,
              "duration": 1,
              "state": "passed",
              "speed": "fast",
              "pass": true,
              "fail": false,
              "pending": false,
              "context": null,
              "code": "var passenger ={type_flight:1,type_cabin:3,type_line:3};\nvar data1 = {len:70,wide:50,high:10,weight:18};\nvar data2 = {len:70,wide:50,high:10,weight:20};\nvar data3 = {len:70,wide:50,high:10,weight:12};\nvar data4 = {len:70,wide:50,high:10,weight:10};\nvar baggage = new Array();\nbaggage[0] = data1;\nbaggage[1] = data2;\nbaggage[2] = data3;\nbaggage[3] = data4;\nvar special_bagg = [];\nassert.equal(3400, judge(passenger,baggage,special_bagg));",
              "err": {},
              "uuid": "2efae4d7-d670-44dc-9604-a7564531653a",
              "parentUUID": "43fceb95-b65f-43d8-b3df-5306dba6d3a5",
              "isHook": false,
              "skipped": false
            },
            {
              "title": "区域一 3件不超重，不超尺寸 普通经济舱超重 路线第二类",
              "fullTitle": "国际普通行李计算-不超重，不超尺寸 区域一 3件不超重，不超尺寸 普通经济舱超重 路线第二类",
              "timedOut": false,
              "duration": 1,
              "state": "passed",
              "speed": "fast",
              "pass": true,
              "fail": false,
              "pending": false,
              "context": null,
              "code": "var passenger ={type_flight:1,type_cabin:3,type_line:3};\nvar data1 = {len:70,wide:50,high:10,weight:18};\nvar data2 = {len:70,wide:50,high:10,weight:20};\nvar data3 = {len:70,wide:50,high:10,weight:12};\nvar data4 = {len:70,wide:50,high:10,weight:10};\nvar data5 = {len:70,wide:50,high:10,weight:15};\nvar baggage = new Array();\nbaggage[0] = data1;\nbaggage[1] = data2;\nbaggage[2] = data3;\nbaggage[3] = data4;\nbaggage[4] = data5;\nvar special_bagg = [];\nassert.equal(4900, judge(passenger,baggage,special_bagg));",
              "err": {},
              "uuid": "e7cec860-73a6-4b24-9bdf-5f030e621725",
              "parentUUID": "43fceb95-b65f-43d8-b3df-5306dba6d3a5",
              "isHook": false,
              "skipped": false
            },
            {
              "title": "区域二 3件不超重，不超尺寸 头等舱/公务舱",
              "fullTitle": "国际普通行李计算-不超重，不超尺寸 区域二 3件不超重，不超尺寸 头等舱/公务舱",
              "timedOut": false,
              "duration": 1,
              "state": "passed",
              "speed": "fast",
              "pass": true,
              "fail": false,
              "pending": false,
              "context": null,
              "code": "var passenger ={type_flight:1,type_cabin:0,type_line:1};\nvar data1 = {len:70,wide:50,high:10,weight:18};\nvar data2 = {len:70,wide:50,high:10,weight:20};\nvar data3 = {len:70,wide:50,high:10,weight:12};\nvar data4 = {len:70,wide:50,high:10,weight:10};\nvar data5 = {len:70,wide:50,high:10,weight:15};\nvar baggage = new Array();\nbaggage[0] = data1;\nbaggage[1] = data2;\nbaggage[2] = data3;\nbaggage[3] = data4;\nbaggage[4] = data5;\nvar special_bagg = [];\nassert.equal(3790, judge(passenger,baggage,special_bagg));",
              "err": {},
              "uuid": "9563bbe4-d6dd-4d4f-8919-843e58aad023",
              "parentUUID": "43fceb95-b65f-43d8-b3df-5306dba6d3a5",
              "isHook": false,
              "skipped": false
            },
            {
              "title": "区域二 3件不超重，不超尺寸 super经济舱超重",
              "fullTitle": "国际普通行李计算-不超重，不超尺寸 区域二 3件不超重，不超尺寸 super经济舱超重",
              "timedOut": false,
              "duration": 1,
              "state": "passed",
              "speed": "fast",
              "pass": true,
              "fail": false,
              "pending": false,
              "context": null,
              "code": "var passenger ={type_flight:1,type_cabin:2,type_line:1};\nvar data1 = {len:70,wide:50,high:10,weight:18};\nvar data2 = {len:70,wide:50,high:10,weight:20};\nvar data3 = {len:70,wide:50,high:10,weight:12};\nvar data4 = {len:70,wide:50,high:10,weight:10};\nvar data5 = {len:70,wide:50,high:10,weight:15};\nvar baggage = new Array();\nbaggage[0] = data1;\nbaggage[1] = data2;\nbaggage[2] = data3;\nbaggage[3] = data4;\nbaggage[4] = data5;\nvar special_bagg = [];\nassert.equal(3790, judge(passenger,baggage,special_bagg));",
              "err": {},
              "uuid": "a1959b63-8c4d-4af2-bdf1-20e96b34e2df",
              "parentUUID": "43fceb95-b65f-43d8-b3df-5306dba6d3a5",
              "isHook": false,
              "skipped": false
            },
            {
              "title": "区域二 3件不超重，不超尺寸 普通经济舱超重 路线第一类",
              "fullTitle": "国际普通行李计算-不超重，不超尺寸 区域二 3件不超重，不超尺寸 普通经济舱超重 路线第一类",
              "timedOut": false,
              "duration": 0,
              "state": "passed",
              "speed": "fast",
              "pass": true,
              "fail": false,
              "pending": false,
              "context": null,
              "code": "var passenger ={type_flight:1,type_cabin:3,type_line:1};\nvar data1 = {len:70,wide:50,high:10,weight:18};\nvar data2 = {len:70,wide:50,high:10,weight:20};\nvar data3 = {len:70,wide:50,high:10,weight:12};\nvar data4 = {len:70,wide:50,high:10,weight:10};\nvar baggage = new Array();\nbaggage[0] = data1;\nbaggage[1] = data2;\nbaggage[2] = data3;\nbaggage[3] = data4;\nvar special_bagg = [];\nassert.equal(3790, judge(passenger,baggage,special_bagg));",
              "err": {},
              "uuid": "5730729d-d32f-4133-898f-31efec09f25d",
              "parentUUID": "43fceb95-b65f-43d8-b3df-5306dba6d3a5",
              "isHook": false,
              "skipped": false
            },
            {
              "title": "区域二 3件不超重，不超尺寸 普通经济舱超重 路线第二类",
              "fullTitle": "国际普通行李计算-不超重，不超尺寸 区域二 3件不超重，不超尺寸 普通经济舱超重 路线第二类",
              "timedOut": false,
              "duration": 0,
              "state": "passed",
              "speed": "fast",
              "pass": true,
              "fail": false,
              "pending": false,
              "context": null,
              "code": "var passenger ={type_flight:1,type_cabin:3,type_line:4};\nvar data1 = {len:70,wide:50,high:10,weight:18};\nvar data2 = {len:70,wide:50,high:10,weight:20};\nvar data3 = {len:70,wide:50,high:10,weight:12};\nvar data4 = {len:70,wide:50,high:10,weight:10};\nvar data5 = {len:70,wide:50,high:10,weight:15};\nvar baggage = new Array();\nbaggage[0] = data1;\nbaggage[1] = data2;\nbaggage[2] = data3;\nbaggage[3] = data4;\nbaggage[4] = data5;\nvar special_bagg = [];\nassert.equal(3790, judge(passenger,baggage,special_bagg));",
              "err": {},
              "uuid": "8d7d1db8-e6b8-49de-a6ad-4fb8365222a1",
              "parentUUID": "43fceb95-b65f-43d8-b3df-5306dba6d3a5",
              "isHook": false,
              "skipped": false
            },
            {
              "title": "区域三 3件不超重，不超尺寸 头等舱/公务舱",
              "fullTitle": "国际普通行李计算-不超重，不超尺寸 区域三 3件不超重，不超尺寸 头等舱/公务舱",
              "timedOut": false,
              "duration": 1,
              "state": "passed",
              "speed": "fast",
              "pass": true,
              "fail": false,
              "pending": false,
              "context": null,
              "code": "var passenger ={type_flight:1,type_cabin:0,type_line:0};\nvar data1 = {len:70,wide:50,high:10,weight:18};\nvar data2 = {len:70,wide:50,high:10,weight:20};\nvar data3 = {len:70,wide:50,high:10,weight:12};\nvar data4 = {len:70,wide:50,high:10,weight:10};\nvar data5 = {len:70,wide:50,high:10,weight:15};\nvar baggage = new Array();\nbaggage[0] = data1;\nbaggage[1] = data2;\nbaggage[2] = data3;\nbaggage[3] = data4;\nbaggage[4] = data5;\nvar special_bagg = [];\nassert.equal(4350, judge(passenger,baggage,special_bagg));",
              "err": {},
              "uuid": "1d567c28-20c3-4b58-a0b3-a3d2f8f714ce",
              "parentUUID": "43fceb95-b65f-43d8-b3df-5306dba6d3a5",
              "isHook": false,
              "skipped": false
            },
            {
              "title": "区域三 3件不超重，不超尺寸 super经济舱超重",
              "fullTitle": "国际普通行李计算-不超重，不超尺寸 区域三 3件不超重，不超尺寸 super经济舱超重",
              "timedOut": false,
              "duration": 0,
              "state": "passed",
              "speed": "fast",
              "pass": true,
              "fail": false,
              "pending": false,
              "context": null,
              "code": "var passenger ={type_flight:1,type_cabin:2,type_line:0};\nvar data1 = {len:70,wide:50,high:10,weight:18};\nvar data2 = {len:70,wide:50,high:10,weight:20};\nvar data3 = {len:70,wide:50,high:10,weight:12};\nvar data4 = {len:70,wide:50,high:10,weight:10};\nvar data5 = {len:70,wide:50,high:10,weight:15};\nvar baggage = new Array();\nbaggage[0] = data1;\nbaggage[1] = data2;\nbaggage[2] = data3;\nbaggage[3] = data4;\nbaggage[4] = data5;\nvar special_bagg = [];\nassert.equal(4350, judge(passenger,baggage,special_bagg));",
              "err": {},
              "uuid": "f2dd9235-fa2d-4d1c-b147-02e0818b6474",
              "parentUUID": "43fceb95-b65f-43d8-b3df-5306dba6d3a5",
              "isHook": false,
              "skipped": false
            },
            {
              "title": "区域三 3件不超重，不超尺寸 普通经济舱超重 路线第一类",
              "fullTitle": "国际普通行李计算-不超重，不超尺寸 区域三 3件不超重，不超尺寸 普通经济舱超重 路线第一类",
              "timedOut": false,
              "duration": 0,
              "state": "passed",
              "speed": "fast",
              "pass": true,
              "fail": false,
              "pending": false,
              "context": null,
              "code": "var passenger ={type_flight:1,type_cabin:3,type_line:0};\nvar data1 = {len:70,wide:50,high:10,weight:18};\nvar data2 = {len:70,wide:50,high:10,weight:20};\nvar data3 = {len:70,wide:50,high:10,weight:12};\nvar data4 = {len:70,wide:50,high:10,weight:10};\nvar baggage = new Array();\nbaggage[0] = data1;\nbaggage[1] = data2;\nbaggage[2] = data3;\nbaggage[3] = data4;\nvar special_bagg = [];\nassert.equal(4350, judge(passenger,baggage,special_bagg));",
              "err": {},
              "uuid": "a262cca5-2009-4b71-9ca5-9c605e6e376c",
              "parentUUID": "43fceb95-b65f-43d8-b3df-5306dba6d3a5",
              "isHook": false,
              "skipped": false
            },
            {
              "title": "区域三 3件不超重，不超尺寸 普通经济舱超重 路线第二类",
              "fullTitle": "国际普通行李计算-不超重，不超尺寸 区域三 3件不超重，不超尺寸 普通经济舱超重 路线第二类",
              "timedOut": false,
              "duration": 0,
              "state": "passed",
              "speed": "fast",
              "pass": true,
              "fail": false,
              "pending": false,
              "context": null,
              "code": "var passenger ={type_flight:1,type_cabin:3,type_line:0};\nvar data1 = {len:70,wide:50,high:10,weight:18};\nvar data2 = {len:70,wide:50,high:10,weight:20};\nvar data3 = {len:70,wide:50,high:10,weight:12};\nvar data4 = {len:70,wide:50,high:10,weight:10};\nvar data5 = {len:70,wide:50,high:10,weight:15};\nvar baggage = new Array();\nbaggage[0] = data1;\nbaggage[1] = data2;\nbaggage[2] = data3;\nbaggage[3] = data4;\nbaggage[4] = data5;\nvar special_bagg = [];\nassert.equal(5940, judge(passenger,baggage,special_bagg));",
              "err": {},
              "uuid": "582ba3e7-2747-4361-8565-81e800990510",
              "parentUUID": "43fceb95-b65f-43d8-b3df-5306dba6d3a5",
              "isHook": false,
              "skipped": false
            },
            {
              "title": "区域四 3件不超重，不超尺寸 头等舱/公务舱",
              "fullTitle": "国际普通行李计算-不超重，不超尺寸 区域四 3件不超重，不超尺寸 头等舱/公务舱",
              "timedOut": false,
              "duration": 1,
              "state": "passed",
              "speed": "fast",
              "pass": true,
              "fail": false,
              "pending": false,
              "context": null,
              "code": "var passenger ={type_flight:1,type_cabin:0,type_line:2};\nvar data1 = {len:70,wide:50,high:10,weight:18};\nvar data2 = {len:70,wide:50,high:10,weight:20};\nvar data3 = {len:70,wide:50,high:10,weight:12};\nvar data4 = {len:70,wide:50,high:10,weight:10};\nvar data5 = {len:70,wide:50,high:10,weight:15};\nvar baggage = new Array();\nbaggage[0] = data1;\nbaggage[1] = data2;\nbaggage[2] = data3;\nbaggage[3] = data4;\nbaggage[4] = data5;\nvar special_bagg = [];\nassert.equal(3520, judge(passenger,baggage,special_bagg));",
              "err": {},
              "uuid": "4131dbab-2b32-4432-a0e9-d2ed6e3968da",
              "parentUUID": "43fceb95-b65f-43d8-b3df-5306dba6d3a5",
              "isHook": false,
              "skipped": false
            },
            {
              "title": "区域四 3件不超重，不超尺寸 super经济舱超重",
              "fullTitle": "国际普通行李计算-不超重，不超尺寸 区域四 3件不超重，不超尺寸 super经济舱超重",
              "timedOut": false,
              "duration": 0,
              "state": "passed",
              "speed": "fast",
              "pass": true,
              "fail": false,
              "pending": false,
              "context": null,
              "code": "var passenger ={type_flight:1,type_cabin:2,type_line:2};\nvar data1 = {len:70,wide:50,high:10,weight:18};\nvar data2 = {len:70,wide:50,high:10,weight:20};\nvar data3 = {len:70,wide:50,high:10,weight:12};\nvar data4 = {len:70,wide:50,high:10,weight:10};\nvar data5 = {len:70,wide:50,high:10,weight:15};\nvar baggage = new Array();\nbaggage[0] = data1;\nbaggage[1] = data2;\nbaggage[2] = data3;\nbaggage[3] = data4;\nbaggage[4] = data5;\nvar special_bagg = [];\nassert.equal(3520, judge(passenger,baggage,special_bagg));",
              "err": {},
              "uuid": "7322f710-8b9c-4a86-8e19-1604934b48b4",
              "parentUUID": "43fceb95-b65f-43d8-b3df-5306dba6d3a5",
              "isHook": false,
              "skipped": false
            },
            {
              "title": "区域四 3件不超重，不超尺寸 普通经济舱超重 路线第一类",
              "fullTitle": "国际普通行李计算-不超重，不超尺寸 区域四 3件不超重，不超尺寸 普通经济舱超重 路线第一类",
              "timedOut": false,
              "duration": 1,
              "state": "passed",
              "speed": "fast",
              "pass": true,
              "fail": false,
              "pending": false,
              "context": null,
              "code": "var passenger ={type_flight:1,type_cabin:3,type_line:2};\nvar data1 = {len:70,wide:50,high:10,weight:18};\nvar data2 = {len:70,wide:50,high:10,weight:20};\nvar data3 = {len:70,wide:50,high:10,weight:12};\nvar data4 = {len:70,wide:50,high:10,weight:10};\nvar baggage = new Array();\nbaggage[0] = data1;\nbaggage[1] = data2;\nbaggage[2] = data3;\nbaggage[3] = data4;\nvar special_bagg = [];\nassert.equal(3520, judge(passenger,baggage,special_bagg));",
              "err": {},
              "uuid": "8a744497-9eba-4aa1-823d-5194dc3a3533",
              "parentUUID": "43fceb95-b65f-43d8-b3df-5306dba6d3a5",
              "isHook": false,
              "skipped": false
            },
            {
              "title": "区域四 3件不超重，不超尺寸 普通经济舱超重 路线第二类",
              "fullTitle": "国际普通行李计算-不超重，不超尺寸 区域四 3件不超重，不超尺寸 普通经济舱超重 路线第二类",
              "timedOut": false,
              "duration": 0,
              "state": "passed",
              "speed": "fast",
              "pass": true,
              "fail": false,
              "pending": false,
              "context": null,
              "code": "var passenger ={type_flight:1,type_cabin:3,type_line:5};\nvar data1 = {len:70,wide:50,high:10,weight:18};\nvar data2 = {len:70,wide:50,high:10,weight:20};\nvar data3 = {len:70,wide:50,high:10,weight:12};\nvar data4 = {len:70,wide:50,high:10,weight:10};\nvar data5 = {len:70,wide:50,high:10,weight:15};\nvar baggage = new Array();\nbaggage[0] = data1;\nbaggage[1] = data2;\nbaggage[2] = data3;\nbaggage[3] = data4;\nbaggage[4] = data5;\nvar special_bagg = [];\nassert.equal(3520, judge(passenger,baggage,special_bagg));",
              "err": {},
              "uuid": "ed62dead-c713-4428-80dd-04898f4c2b9d",
              "parentUUID": "43fceb95-b65f-43d8-b3df-5306dba6d3a5",
              "isHook": false,
              "skipped": false
            }
          ],
          "suites": [],
          "passes": [
            "307a18e1-95ee-4519-ba75-ea69fb283115",
            "073e953b-52b5-4d54-9b95-934464fc31fb",
            "81b506bf-c8c2-4a19-8cb6-f9602f1cd0d6",
            "149eb137-6908-48ef-a046-6c9343d07329",
            "e80540ae-efa0-4038-a01d-9de48fa7c4ca",
            "a69e1285-53fa-452c-8866-f8f809d939e1",
            "3a21cb15-571c-4dcf-9c84-c3437d359b60",
            "812b50b0-e33b-4d26-a2d2-4f4215087797",
            "5a13d857-9b21-49bb-ad19-cb547f8056d7",
            "2b78c6e4-d16d-42e3-94d6-eae2a474d682",
            "c037ca6f-e257-4797-bd74-56e11ad7b86b",
            "a4f7cb31-d03a-4f3c-9221-2d1fc1f97986",
            "04a6206c-8f20-424d-b226-68138be164c0",
            "74782e64-8a3b-4746-a332-9e8a804a124e",
            "dcd9f61d-3aec-4fb6-9aa5-b00f74bf0c71",
            "335d4357-a249-48c1-8210-816ee5581570",
            "051588ac-7d07-4c61-9a09-4c9def55e8df",
            "d97c88a2-9964-431d-8f87-d01ad9ab2ad0",
            "ae9cb3a0-0f85-4760-a2aa-4cb8975a138e",
            "f099e0b2-5545-4bb2-9a7c-477f103acdb6",
            "f9f102d5-0ebd-448c-ab6d-668afe1ac82c",
            "72bc1d8c-aa6f-4c34-9955-9e61acc2287b",
            "c7f5b379-7128-49e8-991d-f1ca873c41d7",
            "08fb4e71-8369-4b00-b476-d73a7d4b739b",
            "5a4112d7-9a83-470b-bfaf-7f589376a1d7",
            "008f58d0-f998-40f6-af3d-b5c7d19cd44d",
            "051ac565-5232-4894-af90-44c7a31887f8",
            "19819471-4ebf-4b47-8f4b-88fdbfe40554",
            "fafb9f69-9d1d-4fe2-aba9-f51f382f74f3",
            "69814122-11e9-4fd7-85be-25766860cdd7",
            "86515eac-0361-48c6-af24-e8ad7e2d7ce7",
            "afd0f194-b273-4cdf-b045-ebe2b08f79e6",
            "108d6266-0b94-4a70-b087-3c54fd1331c9",
            "22e34f5f-2a2d-4618-a168-0452f9a4dcf2",
            "2efae4d7-d670-44dc-9604-a7564531653a",
            "e7cec860-73a6-4b24-9bdf-5f030e621725",
            "9563bbe4-d6dd-4d4f-8919-843e58aad023",
            "a1959b63-8c4d-4af2-bdf1-20e96b34e2df",
            "5730729d-d32f-4133-898f-31efec09f25d",
            "8d7d1db8-e6b8-49de-a6ad-4fb8365222a1",
            "1d567c28-20c3-4b58-a0b3-a3d2f8f714ce",
            "f2dd9235-fa2d-4d1c-b147-02e0818b6474",
            "a262cca5-2009-4b71-9ca5-9c605e6e376c",
            "582ba3e7-2747-4361-8565-81e800990510",
            "4131dbab-2b32-4432-a0e9-d2ed6e3968da",
            "7322f710-8b9c-4a86-8e19-1604934b48b4",
            "8a744497-9eba-4aa1-823d-5194dc3a3533",
            "ed62dead-c713-4428-80dd-04898f4c2b9d"
          ],
          "failures": [],
          "pending": [],
          "skipped": [],
          "duration": 25,
          "root": false,
          "rootEmpty": false,
          "_timeout": 2000
        }
      ],
      "passes": [],
      "failures": [],
      "pending": [],
      "skipped": [],
      "duration": 0,
      "root": true,
      "rootEmpty": true,
      "_timeout": 2000
    }
  ],
  "meta": {
    "mocha": {
      "version": "9.1.1"
    },
    "mochawesome": {
      "options": {
        "quiet": false,
        "reportFilename": "mochawesome",
        "saveHtml": true,
        "saveJson": true,
        "consoleReporter": "spec",
        "useInlineDiffs": false,
        "code": true
      },
      "version": "6.2.2"
    },
    "marge": {
      "options": null,
      "version": "5.2.0"
    }
  }
}